{
  "RSpec": {
    "coverage": {
      "/Users/shanerogers/Desktop/dev/leveredge/leverail/app/models/user.rb": [
        1,
        null,
        null,
        1,
        null,
        null,
        1,
        null,
        null,
        1,
        1,
        null,
        null,
        1,
        0,
        0,
        null,
        null,
        null,
        1,
        null,
        1,
        0,
        0,
        0,
        null,
        null,
        null
      ],
      "/Users/shanerogers/Desktop/dev/leveredge/leverail/app/helpers/application_helper.rb": [
        1,
        null
      ]
    },
    "timestamp": 1392593633
  }
}
